// 同步 ID: e08f64a4 @ Thu Jun 25 05:53:01 UTC 2026
// 同步 ID: 5f2bf403 @ Fri Jun 26 08:56:32 UTC 2026
// 同步 ID: 9aabe23d @ Fri Jun 26 13:43:54 UTC 2026
// 重构日志: 1343c11d
// 重构日志: 9bda20e9
// 重构日志: e179de3b
// 重构日志: 2f0fced5
// 重构日志: 9aa03826
// 重构日志: c4aa486d
// 同步 ID: f5cc3812 @ Mon Jun 29 10:25:56 UTC 2026
// 重构日志: 46acbc4b
// 同步 ID: 036c4ed2 @ Tue Jun 30 06:13:46 UTC 2026
// 重构日志: 72b5d668
// 同步 ID: 0ff832e8 @ Tue Jun 30 13:02:51 UTC 2026
// 重构日志: fb6620b8
// 同步 ID: 18668fe0 @ Wed Jul  1 11:42:54 UTC 2026
// 重构日志: bf5692c8
// 重构日志: 23128d7e
// 重构日志: 4bab1503
// 同步 ID: 81e187e4 @ Thu Jul  2 12:05:58 UTC 2026
// 重构日志: 4605820a
// 重构日志: 264135e7
// 同步 ID: 741e31b8 @ Fri Jul  3 11:20:12 UTC 2026
// 重构日志: 8775c2a6
// 重构日志: 3fbb9b79
// 同步 ID: c0c63f02 @ Sun Jul  5 06:10:36 UTC 2026
// 重构日志: dd8fa2fb
// 同步 ID: f0745b63 @ Mon Jul  6 11:23:38 UTC 2026
// 重构日志: b11f0d54
// 同步 ID: 9a87512f @ Fri Jul 10 13:45:48 UTC 2026
// 重构日志: 9695760e
